<?xml version="1.0" encoding="utf-8" standalone="no"?>
<!--This file represents the results of running a test suite-->
<test-results name="C:\Users\Valery\Desktop\EditProfileData\EditProfileData\bin\Debug\EditProfileData.exe" total="14" errors="0" failures="0" not-run="0" inconclusive="0" ignored="0" skipped="0" invalid="0" date="2015-06-10" time="22:15:16">
  <environment nunit-version="2.6.4.14350" clr-version="2.0.50727.8009" os-version="Microsoft Windows NT 6.2.9200.0" platform="Win32NT" cwd="C:\Program Files (x86)\NUnit 2.6.4\bin" machine-name="HOWTROUBLESOME" user="Valery" user-domain="HOWTROUBLESOME" />
  <culture-info current-culture="en-CA" current-uiculture="bg-BG" />
  <test-suite type="Assembly" name="C:\Users\Valery\Desktop\EditProfileData\EditProfileData\bin\Debug\EditProfileData.exe" executed="True" result="Success" success="True" time="0.251" asserts="0">
    <results>
      <test-suite type="Namespace" name="EditProfileData" executed="True" result="Success" success="True" time="0.232" asserts="0">
        <results>
          <test-suite type="Namespace" name="Test" executed="True" result="Success" success="True" time="0.232" asserts="0">
            <results>
              <test-suite type="TestFixture" name="Tests" executed="True" result="Success" success="True" time="0.230" asserts="0">
                <results>
                  <test-case name="EditProfileData.Test.Tests.ignoreChangesTest" executed="True" result="Success" success="True" time="0.079" asserts="3" />
                  <test-case name="EditProfileData.Test.Tests.submitChangesTest" executed="True" result="Success" success="True" time="0.002" asserts="3" />
                  <test-case name="EditProfileData.Test.Tests.validateManagingStructTest" executed="True" result="Success" success="True" time="0.002" asserts="1" />
                  <test-case name="EditProfileData.Test.Tests.validateTempUserTest" executed="True" result="Success" success="True" time="0.003" asserts="1" />
                  <test-case name="EditProfileData.Test.Tests.validateUserAcademicDepartmentTest" executed="True" result="Success" success="True" time="0.000" asserts="1" />
                  <test-case name="EditProfileData.Test.Tests.validateUserAcademicTypeTest" executed="True" result="Success" success="True" time="0.000" asserts="1" />
                  <test-case name="EditProfileData.Test.Tests.validateUserFacultyTest" executed="True" result="Success" success="True" time="0.000" asserts="1" />
                  <test-case name="EditProfileData.Test.Tests.validateUserFirstNameTest" executed="True" result="Success" success="True" time="0.000" asserts="1" />
                  <test-case name="EditProfileData.Test.Tests.validateUserLastNameTest" executed="True" result="Success" success="True" time="0.000" asserts="1" />
                  <test-case name="EditProfileData.Test.Tests.validateUserNameTest" executed="True" result="Success" success="True" time="0.000" asserts="1" />
                  <test-case name="EditProfileData.Test.Tests.validateUserPasswordTest" executed="True" result="Success" success="True" time="0.000" asserts="1" />
                  <test-case name="EditProfileData.Test.Tests.validateUserSecondNameTest" executed="True" result="Success" success="True" time="0.000" asserts="1" />
                  <test-case name="EditProfileData.Test.Tests.validateUserSpecialityTest" executed="True" result="Success" success="True" time="0.000" asserts="1" />
                  <test-case name="EditProfileData.Test.Tests.validateUserTypeTest" executed="True" result="Success" success="True" time="0.000" asserts="1" />
                </results>
              </test-suite>
            </results>
          </test-suite>
        </results>
      </test-suite>
    </results>
  </test-suite>
</test-results>